<?xml version="1.0" encoding="UTF-8"?>
<robot generator="Robot 4.0.3 (Python 3.9.5 on win32)" generated="20210617 15:54:23.548" rpa="false" schemaversion="2">
<suite id="s1" name="TestSuite1" source="C:\Users\Raniel\eclipse-workspace_Robot_Framework\RobotProject2\Suite\TestSuite1.robot">
<kw name="Log" library="BuiltIn" type="SETUP">
<arg>I am inside Test Suite Setup</arg>
<doc>Logs the given message with the given level.</doc>
<msg timestamp="20210617 15:54:23.789" level="INFO">I am inside Test Suite Setup</msg>
<status status="PASS" starttime="20210617 15:54:23.789" endtime="20210617 15:54:23.789"/>
</kw>
<test id="s1-t1" name="MyFirstTest">
<kw name="Log" library="BuiltIn" type="SETUP">
<arg>I am inside Test Setup</arg>
<doc>Logs the given message with the given level.</doc>
<msg timestamp="20210617 15:54:23.790" level="INFO">I am inside Test Setup</msg>
<status status="PASS" starttime="20210617 15:54:23.790" endtime="20210617 15:54:23.790"/>
</kw>
<kw name="Log" library="BuiltIn">
<arg>Hello World...</arg>
<doc>Logs the given message with the given level.</doc>
<msg timestamp="20210617 15:54:23.791" level="INFO">Hello World...</msg>
<status status="PASS" starttime="20210617 15:54:23.791" endtime="20210617 15:54:23.791"/>
</kw>
<kw name="Log" library="BuiltIn" type="TEARDOWN">
<arg>I am inside Test Teardown</arg>
<doc>Logs the given message with the given level.</doc>
<msg timestamp="20210617 15:54:23.791" level="INFO">I am inside Test Teardown</msg>
<status status="PASS" starttime="20210617 15:54:23.791" endtime="20210617 15:54:23.791"/>
</kw>
<tag>Cake</tag>
<status status="PASS" starttime="20210617 15:54:23.789" endtime="20210617 15:54:23.792"/>
</test>
<kw name="Log" library="BuiltIn" type="TEARDOWN">
<arg>I am inside Test Suite Teardown</arg>
<doc>Logs the given message with the given level.</doc>
<msg timestamp="20210617 15:54:23.793" level="INFO">I am inside Test Suite Teardown</msg>
<status status="PASS" starttime="20210617 15:54:23.793" endtime="20210617 15:54:23.793"/>
</kw>
<status status="PASS" starttime="20210617 15:54:23.550" endtime="20210617 15:54:23.793"/>
</suite>
<statistics>
<total>
<stat pass="1" fail="0" skip="0">All Tests</stat>
</total>
<tag>
<stat pass="1" fail="0" skip="0">Cake</stat>
</tag>
<suite>
<stat pass="1" fail="0" skip="0" id="s1" name="TestSuite1">TestSuite1</stat>
</suite>
</statistics>
<errors>
</errors>
</robot>
